2019-06-25 12:20:39,614 INFO  [org.jboss.modules] (main) JBoss Modules version 1.8.7.Final
2019-06-25 12:20:45,974 INFO  [org.jboss.msc] (main) JBoss MSC version 1.4.5.Final
2019-06-25 12:20:45,990 INFO  [org.jboss.threads] (main) JBoss Threads version 2.3.2.Final
2019-06-25 12:20:46,208 INFO  [org.jboss.as] (MSC service thread 1-2) WFLYSRV0049: Keycloak 5.0.0 (WildFly Core 7.0.0.Final) starting
2019-06-25 12:20:46,208 DEBUG [org.jboss.as.config] (MSC service thread 1-2) Configured system properties:
	awt.toolkit = sun.awt.windows.WToolkit
	file.encoding = Cp1252
	file.encoding.pkg = sun.io
	file.separator = \
	java.awt.graphicsenv = sun.awt.Win32GraphicsEnvironment
	java.awt.printerjob = sun.awt.windows.WPrinterJob
	java.class.path = D:\Nimisha\server\keycloak-5.0.0\jboss-modules.jar
	java.class.version = 52.0
	java.endorsed.dirs = C:\Program Files\Java\jdk1.8.0_101\jre\lib\endorsed
	java.ext.dirs = C:\Program Files\Java\jdk1.8.0_101\jre\lib\ext;C:\WINDOWS\Sun\Java\lib\ext
	java.home = C:\Program Files\Java\jdk1.8.0_101\jre
	java.io.tmpdir = C:\Users\NIMISH~2.RAK\AppData\Local\Temp\
	java.library.path = C:\Program Files\Java\jdk1.8.0_101\bin;C:\WINDOWS\Sun\Java\bin;C:\WINDOWS\system32;C:\WINDOWS;C:\ProgramData\Oracle\Java\javapath;C:\WINDOWS\system32;C:\WINDOWS;C:\WINDOWS\System32\Wbem;C:\WINDOWS\System32\WindowsPowerShell\v1.0\;C:\Program Files (x86)\nodejs\;C:\Program Files (x86)\Yarn\bin\;C:\Users\richard.deepak\AppData\Local\Microsoft\WindowsApps;C:\Users\richard.deepak\AppData\Roaming\npm;C:\Program Files (x86)\Kubernetes\Minikube;C:\Program Files\Git\cmd;D:\Docker\kubectl;%SystemRoot%\system32;%SystemRoot%;%SystemRoot%\System32\Wbem;%SYSTEMROOT%\System32\WindowsPowerShell\v1.0\;%SYSTEMROOT%\System32\OpenSSH\;C:\Users\nimisha.rakesh\AppData\Local\Microsoft\WindowsApps;C:\Users\nimisha.rakesh\AppData\Roaming\npm;C:\Users\nimisha.rakesh\AppData\Local\Google\Cloud SDK\google-cloud-sdk\bin;C:\Users\nimisha.rakesh\AppData\Local\Google\Cloud SDK;C:\Program Files\Docker Toolbox;D:\software;D:\Nimisha\apache-maven-3.6.1\bin;D:\software\go\bin;;.
	java.net.preferIPv4Stack = true
	java.runtime.name = Java(TM) SE Runtime Environment
	java.runtime.version = 1.8.0_101-b13
	java.specification.name = Java Platform API Specification
	java.specification.vendor = Oracle Corporation
	java.specification.version = 1.8
	java.util.logging.manager = org.jboss.logmanager.LogManager
	java.vendor = Oracle Corporation
	java.vendor.url = http://java.oracle.com/
	java.vendor.url.bug = http://bugreport.sun.com/bugreport/
	java.version = 1.8.0_101
	java.vm.info = mixed mode
	java.vm.name = Java HotSpot(TM) 64-Bit Server VM
	java.vm.specification.name = Java Virtual Machine Specification
	java.vm.specification.vendor = Oracle Corporation
	java.vm.specification.version = 1.8
	java.vm.vendor = Oracle Corporation
	java.vm.version = 25.101-b13
	javax.management.builder.initial = org.jboss.as.jmx.PluggableMBeanServerBuilder
	jboss.home.dir = D:\Nimisha\server\keycloak-5.0.0
	jboss.host.name = stpldev37
	jboss.modules.dir = D:\Nimisha\server\keycloak-5.0.0\modules
	jboss.modules.system.pkgs = org.jboss.byteman
	jboss.node.name = stpldev37
	jboss.qualified.host.name = stpldev37
	jboss.server.base.dir = D:\Nimisha\server\keycloak-5.0.0\standalone
	jboss.server.config.dir = D:\Nimisha\server\keycloak-5.0.0\standalone\configuration
	jboss.server.data.dir = D:\Nimisha\server\keycloak-5.0.0\standalone\data
	jboss.server.deploy.dir = D:\Nimisha\server\keycloak-5.0.0\standalone\data\content
	jboss.server.log.dir = D:\Nimisha\server\keycloak-5.0.0\standalone\log
	jboss.server.name = stpldev37
	jboss.server.persist.config = true
	jboss.server.temp.dir = D:\Nimisha\server\keycloak-5.0.0\standalone\tmp
	line.separator = 

	logging.configuration = file:D:\Nimisha\server\keycloak-5.0.0\standalone\configuration/logging.properties
	module.path = D:\Nimisha\server\keycloak-5.0.0\modules
	org.jboss.boot.log.file = D:\Nimisha\server\keycloak-5.0.0\standalone\log\server.log
	org.jboss.resolver.warning = true
	os.arch = amd64
	os.name = Windows 10
	os.version = 10.0
	path.separator = ;
	program.name = standalone.bat
	sun.arch.data.model = 64
	sun.boot.class.path = C:\Program Files\Java\jdk1.8.0_101\jre\lib\resources.jar;C:\Program Files\Java\jdk1.8.0_101\jre\lib\rt.jar;C:\Program Files\Java\jdk1.8.0_101\jre\lib\sunrsasign.jar;C:\Program Files\Java\jdk1.8.0_101\jre\lib\jsse.jar;C:\Program Files\Java\jdk1.8.0_101\jre\lib\jce.jar;C:\Program Files\Java\jdk1.8.0_101\jre\lib\charsets.jar;C:\Program Files\Java\jdk1.8.0_101\jre\lib\jfr.jar;C:\Program Files\Java\jdk1.8.0_101\jre\classes
	sun.boot.library.path = C:\Program Files\Java\jdk1.8.0_101\jre\bin
	sun.cpu.endian = little
	sun.cpu.isalist = amd64
	sun.desktop = windows
	sun.io.unicode.encoding = UnicodeLittle
	sun.java.command = D:\Nimisha\server\keycloak-5.0.0\jboss-modules.jar -mp D:\Nimisha\server\keycloak-5.0.0\modules org.jboss.as.standalone -Djboss.home.dir=D:\Nimisha\server\keycloak-5.0.0
	sun.java.launcher = SUN_STANDARD
	sun.jnu.encoding = Cp1252
	sun.management.compiler = HotSpot 64-Bit Tiered Compilers
	sun.os.patch.level = 
	sun.stderr.encoding = cp437
	sun.stdout.encoding = cp437
	user.country = US
	user.dir = D:\Nimisha\server\keycloak-5.0.0\bin
	user.home = C:\Users\nimisha.rakesh
	user.language = en
	user.name = Nimisha.Rakesh
	user.script = 
	user.timezone = Asia/Calcutta
	user.variant = 
2019-06-25 12:20:46,208 DEBUG [org.jboss.as.config] (MSC service thread 1-2) VM Arguments: -Dprogram.name=standalone.bat -Xms64M -Xmx512M -XX:MetaspaceSize=96M -XX:MaxMetaspaceSize=256m -Djava.net.preferIPv4Stack=true -Djboss.modules.system.pkgs=org.jboss.byteman -Dorg.jboss.boot.log.file=D:\Nimisha\server\keycloak-5.0.0\standalone\log\server.log -Dlogging.configuration=file:D:\Nimisha\server\keycloak-5.0.0\standalone\configuration/logging.properties 
2019-06-25 12:20:50,019 INFO  [org.wildfly.security] (ServerService Thread Pool -- 19) ELY00001: WildFly Elytron version 1.7.0.Final
2019-06-25 12:20:59,705 INFO  [org.jboss.as.controller.management-deprecated] (Controller Boot Thread) WFLYCTL0028: Attribute 'security-realm' in the resource at address '/core-service=management/management-interface=http-interface' is deprecated, and may be removed in a future version. See the attribute description in the output of the read-resource-description operation to learn more about the deprecation.
2019-06-25 12:20:59,768 INFO  [org.jboss.as.controller.management-deprecated] (ServerService Thread Pool -- 21) WFLYCTL0028: Attribute 'security-realm' in the resource at address '/subsystem=undertow/server=default-server/https-listener=https' is deprecated, and may be removed in a future version. See the attribute description in the output of the read-resource-description operation to learn more about the deprecation.
2019-06-25 12:20:59,893 INFO  [org.jboss.as.server] (Controller Boot Thread) WFLYSRV0039: Creating http management service using socket-binding (management-http)
2019-06-25 12:20:59,971 INFO  [org.xnio] (MSC service thread 1-5) XNIO version 3.6.5.Final
2019-06-25 12:21:00,018 INFO  [org.xnio.nio] (MSC service thread 1-5) XNIO NIO Implementation Version 3.6.5.Final
2019-06-25 12:21:00,159 WARN  [org.jboss.as.txn] (ServerService Thread Pool -- 45) WFLYTX0013: The node-identifier attribute on the /subsystem=transactions is set to the default value. This is a danger for environments running multiple servers. Please make sure the attribute value is unique.
2019-06-25 12:21:00,205 INFO  [org.jboss.as.naming] (ServerService Thread Pool -- 39) WFLYNAM0001: Activating Naming Subsystem
2019-06-25 12:21:00,252 INFO  [org.jboss.as.clustering.infinispan] (ServerService Thread Pool -- 33) WFLYCLINF0001: Activating Infinispan subsystem.
2019-06-25 12:21:00,268 INFO  [org.jboss.as.security] (ServerService Thread Pool -- 44) WFLYSEC0002: Activating Security Subsystem
2019-06-25 12:21:00,284 INFO  [org.jboss.as.security] (MSC service thread 1-1) WFLYSEC0001: Current PicketBox version=5.0.3.Final
2019-06-25 12:21:00,284 INFO  [org.wildfly.extension.io] (ServerService Thread Pool -- 32) WFLYIO001: Worker 'default' has auto-configured to 8 core threads with 64 task threads based on your 4 available processors
2019-06-25 12:21:00,330 INFO  [org.jboss.as.mail.extension] (MSC service thread 1-8) WFLYMAIL0002: Unbound mail session [java:jboss/mail/Default]
2019-06-25 12:21:00,346 INFO  [org.jboss.as.naming] (MSC service thread 1-8) WFLYNAM0003: Starting Naming Service
2019-06-25 12:21:00,346 INFO  [org.jboss.as.mail.extension] (MSC service thread 1-8) WFLYMAIL0001: Bound mail session [java:jboss/mail/Default]
2019-06-25 12:21:00,768 INFO  [org.jboss.as.connector] (MSC service thread 1-8) WFLYJCA0009: Starting JCA Subsystem (WildFly/IronJacamar 1.4.11.Final)
2019-06-25 12:21:01,268 INFO  [org.jboss.remoting] (MSC service thread 1-1) JBoss Remoting version 5.0.8.Final
2019-06-25 12:21:01,299 INFO  [org.wildfly.extension.undertow] (MSC service thread 1-7) WFLYUT0003: Undertow 2.0.15.Final starting
2019-06-25 12:21:02,518 INFO  [org.jboss.as.ejb3] (MSC service thread 1-1) WFLYEJB0482: Strict pool mdb-strict-max-pool is using a max instance size of 16 (per class), which is derived from the number of CPUs on this host.
2019-06-25 12:21:02,518 INFO  [org.jboss.as.ejb3] (MSC service thread 1-3) WFLYEJB0481: Strict pool slsb-strict-max-pool is using a max instance size of 64 (per class), which is derived from thread worker pool sizing.
2019-06-25 12:21:02,681 INFO  [org.jboss.as.ejb3] (MSC service thread 1-2) WFLYEJB0493: EJB subsystem suspension complete
2019-06-25 12:21:02,728 INFO  [org.jboss.as.connector.subsystems.datasources] (ServerService Thread Pool -- 28) WFLYJCA0004: Deploying JDBC-compliant driver class org.h2.Driver (version 1.4)
2019-06-25 12:21:02,728 INFO  [org.jboss.as.connector.deployers.jdbc] (MSC service thread 1-3) WFLYJCA0018: Started Driver service with driver-name = h2
2019-06-25 12:21:02,821 INFO  [org.wildfly.extension.undertow] (ServerService Thread Pool -- 46) WFLYUT0014: Creating file handler for path 'D:\Nimisha\server\keycloak-5.0.0/welcome-content' with options [directory-listing: 'false', follow-symlink: 'false', case-sensitive: 'true', safe-symlink-paths: '[]']
2019-06-25 12:21:02,853 INFO  [org.jboss.as.connector.subsystems.datasources] (MSC service thread 1-6) WFLYJCA0010: Unbound data source [java:jboss/datasources/ExampleDS]
2019-06-25 12:21:02,853 INFO  [org.jboss.as.connector.subsystems.datasources] (MSC service thread 1-8) WFLYJCA0010: Unbound data source [java:jboss/datasources/KeycloakDS]
2019-06-25 12:21:03,071 INFO  [org.wildfly.extension.undertow] (MSC service thread 1-7) WFLYUT0012: Started server default-server.
2019-06-25 12:21:03,071 INFO  [org.wildfly.extension.undertow] (MSC service thread 1-3) WFLYUT0018: Host default-host starting
2019-06-25 12:21:03,118 INFO  [org.jboss.as.connector.subsystems.datasources] (MSC service thread 1-3) WFLYJCA0001: Bound data source [java:jboss/datasources/KeycloakDS]
2019-06-25 12:21:03,118 INFO  [org.jboss.as.connector.subsystems.datasources] (MSC service thread 1-1) WFLYJCA0001: Bound data source [java:jboss/datasources/ExampleDS]
2019-06-25 12:21:03,243 INFO  [org.wildfly.extension.undertow] (MSC service thread 1-4) WFLYUT0006: Undertow HTTP listener default listening on 127.0.0.1:9080
2019-06-25 12:21:05,450 INFO  [org.jboss.as.jaxrs] (ServerService Thread Pool -- 34) WFLYRS0016: RESTEasy version 3.6.2.Final
2019-06-25 12:21:11,725 INFO  [org.jboss.as.patching] (MSC service thread 1-3) WFLYPAT0050: Keycloak cumulative patch ID is: base, one-off patches include: none
2019-06-25 12:21:11,740 WARN  [org.jboss.as.domain.management.security] (MSC service thread 1-8) WFLYDM0111: Keystore D:\Nimisha\server\keycloak-5.0.0\standalone\configuration\application.keystore not found, it will be auto generated on first use with a self signed certificate for host localhost
2019-06-25 12:21:11,756 INFO  [org.jboss.as.server.deployment.scanner] (MSC service thread 1-8) WFLYDS0013: Started FileSystemDeploymentService for directory D:\Nimisha\server\keycloak-5.0.0\standalone\deployments
2019-06-25 12:21:11,819 INFO  [org.jboss.as.server.deployment] (MSC service thread 1-2) WFLYSRV0027: Starting deployment of "keycloak-server.war" (runtime-name: "keycloak-server.war")
2019-06-25 12:21:12,084 INFO  [org.wildfly.extension.undertow] (MSC service thread 1-8) WFLYUT0006: Undertow HTTPS listener https listening on 127.0.0.1:9443
2019-06-25 12:21:19,487 WARN  [org.jboss.as.dependency.private] (MSC service thread 1-8) WFLYSRV0018: Deployment "deployment.keycloak-server.war" is using a private module ("org.kie") which may be changed or removed in future versions without notice.
2019-06-25 12:21:20,097 INFO  [org.infinispan.factories.GlobalComponentRegistry] (MSC service thread 1-4) ISPN000128: Infinispan version: Infinispan 'Infinity Minus ONE +2' 9.4.3.Final
2019-06-25 12:21:20,363 INFO  [org.jboss.as.clustering.infinispan] (ServerService Thread Pool -- 61) WFLYCLINF0002: Started sessions cache from keycloak container
2019-06-25 12:21:20,363 INFO  [org.jboss.as.clustering.infinispan] (ServerService Thread Pool -- 59) WFLYCLINF0002: Started authenticationSessions cache from keycloak container
2019-06-25 12:21:20,378 INFO  [org.jboss.as.clustering.infinispan] (ServerService Thread Pool -- 52) WFLYCLINF0002: Started offlineClientSessions cache from keycloak container
2019-06-25 12:21:20,378 INFO  [org.jboss.as.clustering.infinispan] (ServerService Thread Pool -- 53) WFLYCLINF0002: Started clientSessions cache from keycloak container
2019-06-25 12:21:20,378 INFO  [org.jboss.as.clustering.infinispan] (ServerService Thread Pool -- 56) WFLYCLINF0002: Started offlineSessions cache from keycloak container
2019-06-25 12:21:20,378 INFO  [org.jboss.as.clustering.infinispan] (ServerService Thread Pool -- 57) WFLYCLINF0002: Started actionTokens cache from keycloak container
2019-06-25 12:21:20,378 INFO  [org.jboss.as.clustering.infinispan] (ServerService Thread Pool -- 51) WFLYCLINF0002: Started loginFailures cache from keycloak container
2019-06-25 12:21:20,378 INFO  [org.jboss.as.clustering.infinispan] (ServerService Thread Pool -- 54) WFLYCLINF0002: Started work cache from keycloak container
2019-06-25 12:21:20,378 INFO  [org.jboss.as.clustering.infinispan] (ServerService Thread Pool -- 60) WFLYCLINF0002: Started users cache from keycloak container
2019-06-25 12:21:20,394 INFO  [org.jboss.as.clustering.infinispan] (ServerService Thread Pool -- 55) WFLYCLINF0002: Started realms cache from keycloak container
2019-06-25 12:21:20,394 INFO  [org.jboss.as.clustering.infinispan] (ServerService Thread Pool -- 50) WFLYCLINF0002: Started authorization cache from keycloak container
2019-06-25 12:21:20,394 INFO  [org.jboss.as.clustering.infinispan] (ServerService Thread Pool -- 58) WFLYCLINF0002: Started keys cache from keycloak container
2019-06-25 12:21:20,441 INFO  [org.jboss.as.clustering.infinispan] (ServerService Thread Pool -- 62) WFLYCLINF0002: Started client-mappings cache from ejb container
2019-06-25 12:21:25,941 INFO  [org.keycloak.services] (ServerService Thread Pool -- 60) KC-SERVICES0001: Loading config from standalone.xml or domain.xml
2019-06-25 12:21:27,347 INFO  [org.jboss.as.clustering.infinispan] (ServerService Thread Pool -- 60) WFLYCLINF0002: Started realmRevisions cache from keycloak container
2019-06-25 12:21:27,351 INFO  [org.jboss.as.clustering.infinispan] (ServerService Thread Pool -- 60) WFLYCLINF0002: Started userRevisions cache from keycloak container
2019-06-25 12:21:27,360 INFO  [org.jboss.as.clustering.infinispan] (ServerService Thread Pool -- 60) WFLYCLINF0002: Started authorizationRevisions cache from keycloak container
2019-06-25 12:21:27,361 INFO  [org.keycloak.connections.infinispan.DefaultInfinispanConnectionProviderFactory] (ServerService Thread Pool -- 60) Node name: stpldev37, Site name: null
2019-06-25 12:21:38,758 INFO  [org.hibernate.jpa.internal.util.LogHelper] (ServerService Thread Pool -- 60) HHH000204: Processing PersistenceUnitInfo [
	name: keycloak-default
	...]
2019-06-25 12:21:38,905 INFO  [org.hibernate.Version] (ServerService Thread Pool -- 60) HHH000412: Hibernate Core {5.3.7.Final}
2019-06-25 12:21:38,908 INFO  [org.hibernate.cfg.Environment] (ServerService Thread Pool -- 60) HHH000206: hibernate.properties not found
2019-06-25 12:21:39,574 INFO  [org.hibernate.annotations.common.Version] (ServerService Thread Pool -- 60) HCANN000001: Hibernate Commons Annotations {5.0.4.Final}
2019-06-25 12:21:39,878 INFO  [org.hibernate.dialect.Dialect] (ServerService Thread Pool -- 60) HHH000400: Using dialect: org.hibernate.dialect.H2Dialect
2019-06-25 12:21:39,888 WARN  [org.hibernate.dialect.H2Dialect] (ServerService Thread Pool -- 60) HHH000431: Unable to determine H2 database version, certain features may not work
2019-06-25 12:21:39,968 INFO  [org.hibernate.envers.boot.internal.EnversServiceImpl] (ServerService Thread Pool -- 60) Envers integration enabled? : true
2019-06-25 12:21:40,485 INFO  [org.hibernate.orm.beans] (ServerService Thread Pool -- 60) HHH10005002: No explicit CDI BeanManager reference was passed to Hibernate, but CDI is available on the Hibernate ClassLoader.
2019-06-25 12:21:40,593 INFO  [org.hibernate.validator.internal.util.Version] (ServerService Thread Pool -- 60) HV000001: Hibernate Validator 6.0.14.Final
2019-06-25 12:21:41,779 INFO  [org.hibernate.hql.internal.QueryTranslatorFactoryInitiator] (ServerService Thread Pool -- 60) HHH000397: Using ASTQueryTranslatorFactory
2019-06-25 12:21:42,708 INFO  [org.jboss.resteasy.resteasy_jaxrs.i18n] (ServerService Thread Pool -- 60) RESTEASY002225: Deploying javax.ws.rs.core.Application: class org.keycloak.services.resources.KeycloakApplication
2019-06-25 12:21:42,739 INFO  [org.jboss.resteasy.resteasy_jaxrs.i18n] (ServerService Thread Pool -- 60) RESTEASY002205: Adding provider class org.keycloak.services.filters.KeycloakTransactionCommitter from Application class org.keycloak.services.resources.KeycloakApplication
2019-06-25 12:21:42,740 INFO  [org.jboss.resteasy.resteasy_jaxrs.i18n] (ServerService Thread Pool -- 60) RESTEASY002205: Adding provider class org.keycloak.services.error.KeycloakErrorHandler from Application class org.keycloak.services.resources.KeycloakApplication
2019-06-25 12:21:42,749 INFO  [org.jboss.resteasy.resteasy_jaxrs.i18n] (ServerService Thread Pool -- 60) RESTEASY002205: Adding provider class org.keycloak.services.filters.KeycloakStringEntityFilter from Application class org.keycloak.services.resources.KeycloakApplication
2019-06-25 12:21:42,753 INFO  [org.jboss.resteasy.resteasy_jaxrs.i18n] (ServerService Thread Pool -- 60) RESTEASY002200: Adding class resource org.keycloak.services.resources.ThemeResource from Application class org.keycloak.services.resources.KeycloakApplication
2019-06-25 12:21:42,755 INFO  [org.jboss.resteasy.resteasy_jaxrs.i18n] (ServerService Thread Pool -- 60) RESTEASY002200: Adding class resource org.keycloak.services.resources.JsResource from Application class org.keycloak.services.resources.KeycloakApplication
2019-06-25 12:21:42,758 INFO  [org.jboss.resteasy.resteasy_jaxrs.i18n] (ServerService Thread Pool -- 60) RESTEASY002220: Adding singleton resource org.keycloak.services.resources.RobotsResource from Application class org.keycloak.services.resources.KeycloakApplication
2019-06-25 12:21:42,771 INFO  [org.jboss.resteasy.resteasy_jaxrs.i18n] (ServerService Thread Pool -- 60) RESTEASY002220: Adding singleton resource org.keycloak.services.resources.admin.AdminRoot from Application class org.keycloak.services.resources.KeycloakApplication
2019-06-25 12:21:42,778 INFO  [org.jboss.resteasy.resteasy_jaxrs.i18n] (ServerService Thread Pool -- 60) RESTEASY002220: Adding singleton resource org.keycloak.services.resources.WelcomeResource from Application class org.keycloak.services.resources.KeycloakApplication
2019-06-25 12:21:42,779 INFO  [org.jboss.resteasy.resteasy_jaxrs.i18n] (ServerService Thread Pool -- 60) RESTEASY002220: Adding singleton resource org.keycloak.services.resources.RealmsResource from Application class org.keycloak.services.resources.KeycloakApplication
2019-06-25 12:21:42,787 INFO  [org.jboss.resteasy.resteasy_jaxrs.i18n] (ServerService Thread Pool -- 60) RESTEASY002210: Adding provider singleton org.keycloak.services.util.ObjectMapperResolver from Application class org.keycloak.services.resources.KeycloakApplication
2019-06-25 12:21:43,104 INFO  [org.wildfly.extension.undertow] (ServerService Thread Pool -- 60) WFLYUT0021: Registered web context: '/auth' for server 'default-server'
2019-06-25 12:21:43,128 INFO  [org.jboss.as.server] (ServerService Thread Pool -- 47) WFLYSRV0010: Deployed "keycloak-server.war" (runtime-name : "keycloak-server.war")
2019-06-25 12:21:43,216 INFO  [org.jboss.as.server] (Controller Boot Thread) WFLYSRV0212: Resuming server
2019-06-25 12:21:43,219 INFO  [org.jboss.as] (Controller Boot Thread) WFLYSRV0060: Http management interface listening on http://127.0.0.1:10990/management
2019-06-25 12:21:43,219 INFO  [org.jboss.as] (Controller Boot Thread) WFLYSRV0051: Admin console listening on http://127.0.0.1:10990
2019-06-25 12:21:43,224 INFO  [org.jboss.as] (Controller Boot Thread) WFLYSRV0025: Keycloak 5.0.0 (WildFly Core 7.0.0.Final) started in 67554ms - Started 578 of 835 services (557 services are lazy, passive or on-demand)
2019-06-25 12:23:27,132 WARN  [org.keycloak.events] (default task-9) type=LOGIN_ERROR, realmId=master, clientId=security-admin-console, userId=552557a1-5e2a-4bd5-95d3-fe5808d3461f, ipAddress=127.0.0.1, error=invalid_user_credentials, auth_method=openid-connect, auth_type=code, redirect_uri=http://localhost:9080/auth/admin/master/console/, code_id=a41c1c14-3285-476a-86f8-80cebaed7a60, username=admin
2019-06-25 12:23:43,562 WARN  [org.keycloak.events] (default task-10) type=LOGIN_ERROR, realmId=keyclockDemo, clientId=student, userId=null, ipAddress=127.0.0.1, error=invalid_redirect_uri, redirect_uri=http://localhost:8080/sso/login
2019-06-25 12:23:47,201 WARN  [org.keycloak.events] (default task-10) type=LOGIN_ERROR, realmId=keyclockDemo, clientId=student, userId=null, ipAddress=127.0.0.1, error=invalid_redirect_uri, redirect_uri=http://localhost:8080/sso/login
2019-06-25 12:23:48,671 WARN  [org.keycloak.events] (default task-10) type=LOGIN_ERROR, realmId=keyclockDemo, clientId=student, userId=null, ipAddress=127.0.0.1, error=invalid_redirect_uri, redirect_uri=http://localhost:8080/sso/login
2019-06-25 12:23:49,642 WARN  [org.keycloak.events] (default task-10) type=LOGIN_ERROR, realmId=keyclockDemo, clientId=student, userId=null, ipAddress=127.0.0.1, error=invalid_redirect_uri, redirect_uri=http://localhost:8080/sso/login
2019-06-25 12:23:54,667 WARN  [org.keycloak.events] (default task-10) type=LOGIN_ERROR, realmId=keyclockDemo, clientId=student, userId=null, ipAddress=127.0.0.1, error=invalid_redirect_uri, redirect_uri=http://localhost:8080/sso/login
2019-06-25 12:24:30,750 WARN  [org.keycloak.events] (default task-12) type=LOGIN_ERROR, realmId=keyclockDemo, clientId=student, userId=null, ipAddress=127.0.0.1, error=invalid_redirect_uri, redirect_uri=http://localhost:8080/sso/login
2019-06-25 12:24:31,728 WARN  [org.keycloak.events] (default task-12) type=LOGIN_ERROR, realmId=keyclockDemo, clientId=student, userId=null, ipAddress=127.0.0.1, error=invalid_redirect_uri, redirect_uri=http://localhost:8080/sso/login
2019-06-25 12:24:32,656 WARN  [org.keycloak.events] (default task-12) type=LOGIN_ERROR, realmId=keyclockDemo, clientId=student, userId=null, ipAddress=127.0.0.1, error=invalid_redirect_uri, redirect_uri=http://localhost:8080/sso/login
2019-06-25 12:24:34,692 WARN  [org.keycloak.events] (default task-12) type=LOGIN_ERROR, realmId=keyclockDemo, clientId=student, userId=null, ipAddress=127.0.0.1, error=invalid_redirect_uri, redirect_uri=http://localhost:8080/sso/login
2019-06-25 12:24:35,116 WARN  [org.keycloak.events] (default task-12) type=LOGIN_ERROR, realmId=keyclockDemo, clientId=student, userId=null, ipAddress=127.0.0.1, error=invalid_redirect_uri, redirect_uri=http://localhost:8080/sso/login
2019-06-25 12:24:35,354 WARN  [org.keycloak.events] (default task-12) type=LOGIN_ERROR, realmId=keyclockDemo, clientId=student, userId=null, ipAddress=127.0.0.1, error=invalid_redirect_uri, redirect_uri=http://localhost:8080/sso/login
2019-06-25 12:25:38,515 WARN  [org.keycloak.events] (default task-12) type=LOGIN_ERROR, realmId=keyclockDemo, clientId=student, userId=null, ipAddress=127.0.0.1, error=invalid_redirect_uri, redirect_uri=http://localhost:8080/sso/login
2019-06-25 12:25:43,969 WARN  [org.keycloak.events] (default task-12) type=LOGIN_ERROR, realmId=keyclockDemo, clientId=student, userId=null, ipAddress=127.0.0.1, error=invalid_redirect_uri, redirect_uri=http://localhost:8080/sso/login
2019-06-25 12:25:48,780 WARN  [org.keycloak.events] (default task-12) type=LOGIN_ERROR, realmId=keyclockDemo, clientId=student, userId=null, ipAddress=127.0.0.1, error=invalid_redirect_uri, redirect_uri=http://localhost:8080/sso/login
2019-06-25 12:25:52,713 WARN  [org.keycloak.events] (default task-12) type=LOGIN_ERROR, realmId=keyclockDemo, clientId=student, userId=null, ipAddress=127.0.0.1, error=invalid_redirect_uri, redirect_uri=http://localhost:8080/sso/login
2019-06-25 12:26:03,412 WARN  [org.keycloak.events] (default task-12) type=LOGIN_ERROR, realmId=keyclockDemo, clientId=student, userId=null, ipAddress=127.0.0.1, error=invalid_redirect_uri, redirect_uri=http://localhost:8080/sso/login
2019-06-25 12:26:04,727 WARN  [org.keycloak.events] (default task-12) type=LOGIN_ERROR, realmId=keyclockDemo, clientId=student, userId=null, ipAddress=127.0.0.1, error=invalid_redirect_uri, redirect_uri=http://localhost:8080/sso/login
2019-06-25 12:26:08,438 WARN  [org.keycloak.events] (default task-12) type=LOGIN_ERROR, realmId=keyclockDemo, clientId=student, userId=null, ipAddress=127.0.0.1, error=invalid_redirect_uri, redirect_uri=http://localhost:8080/sso/login
2019-06-25 12:37:24,433 WARN  [org.keycloak.events] (default task-18) type=LOGIN_ERROR, realmId=keyclockDemo, clientId=student, userId=null, ipAddress=127.0.0.1, error=invalid_redirect_uri, redirect_uri=http://localhost:8080/hello
2019-06-25 12:38:05,890 WARN  [org.keycloak.events] (default task-18) type=LOGIN_ERROR, realmId=keyclockDemo, clientId=student, userId=null, ipAddress=127.0.0.1, error=invalid_redirect_uri, redirect_uri=http://localhost:8080/hello
2019-06-25 12:38:06,589 WARN  [org.keycloak.events] (default task-18) type=LOGIN_ERROR, realmId=keyclockDemo, clientId=student, userId=null, ipAddress=127.0.0.1, error=invalid_redirect_uri, redirect_uri=http://localhost:8080/hello
2019-06-25 12:38:06,934 WARN  [org.keycloak.events] (default task-18) type=LOGIN_ERROR, realmId=keyclockDemo, clientId=student, userId=null, ipAddress=127.0.0.1, error=invalid_redirect_uri, redirect_uri=http://localhost:8080/hello
2019-06-25 12:38:09,597 WARN  [org.keycloak.events] (default task-18) type=LOGIN_ERROR, realmId=keyclockDemo, clientId=student, userId=null, ipAddress=127.0.0.1, error=invalid_redirect_uri, redirect_uri=http://localhost:8080/hello
2019-06-25 12:38:09,876 WARN  [org.keycloak.events] (default task-18) type=LOGIN_ERROR, realmId=keyclockDemo, clientId=student, userId=null, ipAddress=127.0.0.1, error=invalid_redirect_uri, redirect_uri=http://localhost:8080/hello
2019-06-25 12:38:10,101 WARN  [org.keycloak.events] (default task-18) type=LOGIN_ERROR, realmId=keyclockDemo, clientId=student, userId=null, ipAddress=127.0.0.1, error=invalid_redirect_uri, redirect_uri=http://localhost:8080/hello
2019-06-25 12:38:10,324 WARN  [org.keycloak.events] (default task-18) type=LOGIN_ERROR, realmId=keyclockDemo, clientId=student, userId=null, ipAddress=127.0.0.1, error=invalid_redirect_uri, redirect_uri=http://localhost:8080/hello
2019-06-25 12:38:10,541 WARN  [org.keycloak.events] (default task-18) type=LOGIN_ERROR, realmId=keyclockDemo, clientId=student, userId=null, ipAddress=127.0.0.1, error=invalid_redirect_uri, redirect_uri=http://localhost:8080/hello
2019-06-25 12:49:33,129 WARN  [org.keycloak.events] (default task-19) type=LOGIN_ERROR, realmId=master, clientId=null, userId=null, ipAddress=127.0.0.1, error=invalid_code
2019-06-25 12:55:12,988 WARN  [org.keycloak.events] (default task-12) type=LOGIN_ERROR, realmId=keyclockDemo, clientId=student, userId=null, ipAddress=127.0.0.1, error=invalid_redirect_uri, redirect_uri=http://localhost:8080/sso/login
2019-06-25 12:55:24,798 WARN  [org.keycloak.events] (default task-12) type=LOGIN_ERROR, realmId=master, clientId=null, userId=null, ipAddress=127.0.0.1, error=invalid_code
2019-06-25 12:55:59,483 WARN  [org.keycloak.events] (default task-30) type=LOGIN_ERROR, realmId=keyclockDemo, clientId=student, userId=null, ipAddress=127.0.0.1, error=invalid_redirect_uri, redirect_uri=http://localhost:8080/sso/login
2019-06-25 12:56:44,422 WARN  [org.keycloak.events] (default task-30) type=LOGIN_ERROR, realmId=keyclockDemo, clientId=student, userId=null, ipAddress=127.0.0.1, error=invalid_redirect_uri, redirect_uri=http://localhost:8080/sso/login
2019-06-25 12:59:11,614 WARN  [org.keycloak.events] (default task-30) type=LOGIN_ERROR, realmId=master, clientId=null, userId=null, ipAddress=127.0.0.1, error=invalid_code
2019-06-25 14:42:51,925 WARN  [org.keycloak.events] (default task-32) type=REFRESH_TOKEN_ERROR, realmId=master, clientId=security-admin-console, userId=null, ipAddress=127.0.0.1, error=invalid_token, grant_type=refresh_token, client_auth_method=client-secret
2019-06-25 14:59:28,874 WARN  [org.keycloak.events] (default task-32) type=LOGIN_ERROR, realmId=master, clientId=null, userId=null, ipAddress=127.0.0.1, error=invalid_code
2019-06-25 15:06:40,889 WARN  [org.keycloak.events] (default task-40) type=LOGIN_ERROR, realmId=master, clientId=null, userId=null, ipAddress=127.0.0.1, error=invalid_code
2019-06-25 15:11:40,891 WARN  [com.arjuna.ats.arjuna] (Transaction Reaper) ARJUNA012117: TransactionReaper::check timeout for TX 0:ffffc0a86301:44263fa9:5d11c456:29ca in state  RUN
2019-06-25 18:02:07,731 INFO  [org.jboss.as.server.deployment.scanner] (MSC service thread 1-6) WFLYDS0013: Started FileSystemDeploymentService for directory E:\deepak\New-office\git-code\nimi-keycloak\keycloak\standalone\deployments
2019-06-25 18:02:07,747 INFO  [org.jboss.as.server.deployment] (MSC service thread 1-2) WFLYSRV0027: Starting deployment of "keycloak-server.war" (runtime-name: "keycloak-server.war")
2019-06-25 18:02:07,794 INFO  [org.wildfly.extension.undertow] (MSC service thread 1-6) WFLYUT0006: Undertow HTTPS listener https listening on 127.0.0.1:9443
2019-06-25 18:02:12,596 WARN  [org.jboss.as.dependency.private] (MSC service thread 1-3) WFLYSRV0018: Deployment "deployment.keycloak-server.war" is using a private module ("org.kie") which may be changed or removed in future versions without notice.
2019-06-25 18:02:12,884 INFO  [org.infinispan.factories.GlobalComponentRegistry] (MSC service thread 1-4) ISPN000128: Infinispan version: Infinispan 'Infinity Minus ONE +2' 9.4.3.Final
2019-06-25 18:02:13,130 INFO  [org.jboss.as.clustering.infinispan] (ServerService Thread Pool -- 57) WFLYCLINF0002: Started clientSessions cache from keycloak container
2019-06-25 18:02:13,130 INFO  [org.jboss.as.clustering.infinispan] (ServerService Thread Pool -- 52) WFLYCLINF0002: Started actionTokens cache from keycloak container
2019-06-25 18:02:13,130 INFO  [org.jboss.as.clustering.infinispan] (ServerService Thread Pool -- 56) WFLYCLINF0002: Started offlineSessions cache from keycloak container
2019-06-25 18:02:13,130 INFO  [org.jboss.as.clustering.infinispan] (ServerService Thread Pool -- 59) WFLYCLINF0002: Started sessions cache from keycloak container
2019-06-25 18:02:13,130 INFO  [org.jboss.as.clustering.infinispan] (ServerService Thread Pool -- 49) WFLYCLINF0002: Started authenticationSessions cache from keycloak container
2019-06-25 18:02:13,130 INFO  [org.jboss.as.clustering.infinispan] (ServerService Thread Pool -- 50) WFLYCLINF0002: Started work cache from keycloak container
2019-06-25 18:02:13,130 INFO  [org.jboss.as.clustering.infinispan] (ServerService Thread Pool -- 53) WFLYCLINF0002: Started users cache from keycloak container
2019-06-25 18:02:13,146 INFO  [org.jboss.as.clustering.infinispan] (ServerService Thread Pool -- 55) WFLYCLINF0002: Started loginFailures cache from keycloak container
2019-06-25 18:02:13,146 INFO  [org.jboss.as.clustering.infinispan] (ServerService Thread Pool -- 60) WFLYCLINF0002: Started realms cache from keycloak container
2019-06-25 18:02:13,146 INFO  [org.jboss.as.clustering.infinispan] (ServerService Thread Pool -- 51) WFLYCLINF0002: Started keys cache from keycloak container
2019-06-25 18:02:13,146 INFO  [org.jboss.as.clustering.infinispan] (ServerService Thread Pool -- 54) WFLYCLINF0002: Started authorization cache from keycloak container
2019-06-25 18:02:13,146 INFO  [org.jboss.as.clustering.infinispan] (ServerService Thread Pool -- 58) WFLYCLINF0002: Started offlineClientSessions cache from keycloak container
2019-06-25 18:02:13,208 INFO  [org.jboss.as.clustering.infinispan] (ServerService Thread Pool -- 61) WFLYCLINF0002: Started client-mappings cache from ejb container
2019-06-25 18:02:16,370 INFO  [org.keycloak.services] (ServerService Thread Pool -- 61) KC-SERVICES0001: Loading config from standalone.xml or domain.xml
2019-06-25 18:02:16,705 INFO  [org.jboss.as.clustering.infinispan] (ServerService Thread Pool -- 61) WFLYCLINF0002: Started realmRevisions cache from keycloak container
2019-06-25 18:02:16,709 INFO  [org.jboss.as.clustering.infinispan] (ServerService Thread Pool -- 61) WFLYCLINF0002: Started userRevisions cache from keycloak container
2019-06-25 18:02:16,715 INFO  [org.jboss.as.clustering.infinispan] (ServerService Thread Pool -- 61) WFLYCLINF0002: Started authorizationRevisions cache from keycloak container
2019-06-25 18:02:16,716 INFO  [org.keycloak.connections.infinispan.DefaultInfinispanConnectionProviderFactory] (ServerService Thread Pool -- 61) Node name: stpldev57, Site name: null
2019-06-25 18:02:27,762 INFO  [org.hibernate.jpa.internal.util.LogHelper] (ServerService Thread Pool -- 61) HHH000204: Processing PersistenceUnitInfo [
	name: keycloak-default
	...]
2019-06-25 18:02:27,815 INFO  [org.hibernate.Version] (ServerService Thread Pool -- 61) HHH000412: Hibernate Core {5.3.7.Final}
2019-06-25 18:02:27,817 INFO  [org.hibernate.cfg.Environment] (ServerService Thread Pool -- 61) HHH000206: hibernate.properties not found
2019-06-25 18:02:28,624 INFO  [org.hibernate.annotations.common.Version] (ServerService Thread Pool -- 61) HCANN000001: Hibernate Commons Annotations {5.0.4.Final}
2019-06-25 18:02:28,780 INFO  [org.hibernate.dialect.Dialect] (ServerService Thread Pool -- 61) HHH000400: Using dialect: org.hibernate.dialect.H2Dialect
2019-06-25 18:02:28,780 WARN  [org.hibernate.dialect.H2Dialect] (ServerService Thread Pool -- 61) HHH000431: Unable to determine H2 database version, certain features may not work
2019-06-25 18:02:28,827 INFO  [org.hibernate.envers.boot.internal.EnversServiceImpl] (ServerService Thread Pool -- 61) Envers integration enabled? : true
2019-06-25 18:02:29,186 INFO  [org.hibernate.orm.beans] (ServerService Thread Pool -- 61) HHH10005002: No explicit CDI BeanManager reference was passed to Hibernate, but CDI is available on the Hibernate ClassLoader.
2019-06-25 18:02:29,233 INFO  [org.hibernate.validator.internal.util.Version] (ServerService Thread Pool -- 61) HV000001: Hibernate Validator 6.0.14.Final
2019-06-25 18:02:30,139 INFO  [org.hibernate.hql.internal.QueryTranslatorFactoryInitiator] (ServerService Thread Pool -- 61) HHH000397: Using ASTQueryTranslatorFactory
2019-06-25 18:02:30,719 INFO  [org.jboss.resteasy.resteasy_jaxrs.i18n] (ServerService Thread Pool -- 61) RESTEASY002225: Deploying javax.ws.rs.core.Application: class org.keycloak.services.resources.KeycloakApplication
2019-06-25 18:02:30,720 INFO  [org.jboss.resteasy.resteasy_jaxrs.i18n] (ServerService Thread Pool -- 61) RESTEASY002205: Adding provider class org.keycloak.services.error.KeycloakErrorHandler from Application class org.keycloak.services.resources.KeycloakApplication
2019-06-25 18:02:30,721 INFO  [org.jboss.resteasy.resteasy_jaxrs.i18n] (ServerService Thread Pool -- 61) RESTEASY002200: Adding class resource org.keycloak.services.resources.ThemeResource from Application class org.keycloak.services.resources.KeycloakApplication
2019-06-25 18:02:30,721 INFO  [org.jboss.resteasy.resteasy_jaxrs.i18n] (ServerService Thread Pool -- 61) RESTEASY002200: Adding class resource org.keycloak.services.resources.JsResource from Application class org.keycloak.services.resources.KeycloakApplication
2019-06-25 18:02:30,722 INFO  [org.jboss.resteasy.resteasy_jaxrs.i18n] (ServerService Thread Pool -- 61) RESTEASY002205: Adding provider class org.keycloak.services.filters.KeycloakStringEntityFilter from Application class org.keycloak.services.resources.KeycloakApplication
2019-06-25 18:02:30,722 INFO  [org.jboss.resteasy.resteasy_jaxrs.i18n] (ServerService Thread Pool -- 61) RESTEASY002205: Adding provider class org.keycloak.services.filters.KeycloakTransactionCommitter from Application class org.keycloak.services.resources.KeycloakApplication
2019-06-25 18:02:30,723 INFO  [org.jboss.resteasy.resteasy_jaxrs.i18n] (ServerService Thread Pool -- 61) RESTEASY002220: Adding singleton resource org.keycloak.services.resources.RobotsResource from Application class org.keycloak.services.resources.KeycloakApplication
2019-06-25 18:02:30,724 INFO  [org.jboss.resteasy.resteasy_jaxrs.i18n] (ServerService Thread Pool -- 61) RESTEASY002220: Adding singleton resource org.keycloak.services.resources.WelcomeResource from Application class org.keycloak.services.resources.KeycloakApplication
2019-06-25 18:02:30,724 INFO  [org.jboss.resteasy.resteasy_jaxrs.i18n] (ServerService Thread Pool -- 61) RESTEASY002220: Adding singleton resource org.keycloak.services.resources.admin.AdminRoot from Application class org.keycloak.services.resources.KeycloakApplication
2019-06-25 18:02:30,725 INFO  [org.jboss.resteasy.resteasy_jaxrs.i18n] (ServerService Thread Pool -- 61) RESTEASY002210: Adding provider singleton org.keycloak.services.util.ObjectMapperResolver from Application class org.keycloak.services.resources.KeycloakApplication
2019-06-25 18:02:30,725 INFO  [org.jboss.resteasy.resteasy_jaxrs.i18n] (ServerService Thread Pool -- 61) RESTEASY002220: Adding singleton resource org.keycloak.services.resources.RealmsResource from Application class org.keycloak.services.resources.KeycloakApplication
2019-06-25 18:02:30,856 INFO  [org.wildfly.extension.undertow] (ServerService Thread Pool -- 61) WFLYUT0021: Registered web context: '/auth' for server 'default-server'
2019-06-25 18:02:30,881 INFO  [org.jboss.as.server] (ServerService Thread Pool -- 47) WFLYSRV0010: Deployed "keycloak-server.war" (runtime-name : "keycloak-server.war")
2019-06-25 18:02:30,938 INFO  [org.jboss.as.server] (Controller Boot Thread) WFLYSRV0212: Resuming server
2019-06-25 18:02:30,941 INFO  [org.jboss.as] (Controller Boot Thread) WFLYSRV0060: Http management interface listening on http://127.0.0.1:10990/management
2019-06-25 18:02:30,942 INFO  [org.jboss.as] (Controller Boot Thread) WFLYSRV0051: Admin console listening on http://127.0.0.1:10990
2019-06-25 18:02:30,946 INFO  [org.jboss.as] (Controller Boot Thread) WFLYSRV0025: Keycloak 5.0.0 (WildFly Core 7.0.0.Final) started in 46313ms - Started 578 of 835 services (557 services are lazy, passive or on-demand)
