2019-06-04 09:08:42,574 INFO  [org.jboss.modules] (main) JBoss Modules version 1.9.0.Final
2019-06-04 09:08:52,259 INFO  [org.jboss.msc] (main) JBoss MSC version 1.4.5.Final
2019-06-04 09:08:52,268 INFO  [org.jboss.threads] (main) JBoss Threads version 2.3.3.Final
2019-06-04 09:08:52,660 INFO  [org.jboss.as] (MSC service thread 1-2) WFLYSRV0049: Keycloak 6.0.1 (WildFly Core 8.0.0.Final) starting
2019-06-04 09:08:52,663 DEBUG [org.jboss.as.config] (MSC service thread 1-2) Configured system properties:
	awt.toolkit = sun.awt.windows.WToolkit
	file.encoding = Cp1252
	file.encoding.pkg = sun.io
	file.separator = \
	java.awt.graphicsenv = sun.awt.Win32GraphicsEnvironment
	java.awt.printerjob = sun.awt.windows.WPrinterJob
	java.class.path = E:\deepak\New-office\code\server\keycloak\Keycloak\springboot-keycloak\keycloak-6.0.1\jboss-modules.jar
	java.class.version = 52.0
	java.endorsed.dirs = C:\Program Files\Java\jdk1.8.0_101\jre\lib\endorsed
	java.ext.dirs = C:\Program Files\Java\jdk1.8.0_101\jre\lib\ext;C:\WINDOWS\Sun\Java\lib\ext
	java.home = C:\Program Files\Java\jdk1.8.0_101\jre
	java.io.tmpdir = C:\Users\DEEPAK~1.000\AppData\Local\Temp\
	java.library.path = C:\Program Files\Java\jdk1.8.0_101\bin;C:\WINDOWS\Sun\Java\bin;C:\WINDOWS\system32;C:\WINDOWS;C:\ProgramData\Oracle\Java\javapath;C:\Program Files (x86)\Intel\iCLS Client\;C:\Program Files\Intel\iCLS Client\;C:\WINDOWS\system32;C:\WINDOWS;C:\WINDOWS\System32\Wbem;C:\WINDOWS\System32\WindowsPowerShell\v1.0\;C:\Program Files\Intel\Intel(R) Management Engine Components\DAL;C:\Program Files\Intel\Intel(R) Management Engine Components\IPT;C:\Program Files (x86)\Intel\Intel(R) Management Engine Components\DAL;C:\Program Files (x86)\Intel\Intel(R) Management Engine Components\IPT;C:\Program Files (x86)\Windows Live\Shared;C:\Users\r;C:\Program Files\Git\cmd;C:\Program Files (x86)\nodejs\;C:\Program Files (x86)\Yarn\bin\;C:\WINDOWS\system32;C:\WINDOWS;C:\WINDOWS\System32\Wbem;C:\WINDOWS\System32\WindowsPowerShell\v1.0\;C:\WINDOWS\System32\OpenSSH\;C:\Program Files\cURL\bin;C:\Go\bin;C:\Users\deepak.kumar.SYSBIZ.000\AppData\Local\Microsoft\WindowsApps;C:\Program Files\Java\jdk1.8.0_101\bin;C:\Users\deepak.kumar.SYSBIZ.000\Downloads\apache-maven-3.6.0-bin\apache-maven-3.6.0\bin;C:\Users\deepak.kumar.SYSBIZ.000\AppData\Local\Programs\Microsoft VS Code\bin;C:\Users\deepak.kumar.SYSBIZ.000\AppData\Roaming\npm;C:\Program Files\MongoDB\Server\3.6\bin;C:\Users\deepak.kumar.SYSBIZ.000\AppData\Local\Google\Cloud SDK\google-cloud-sdk\bin;C:\Users\deepak.kumar.SYSBIZ.000\go\bin;.
	java.net.preferIPv4Stack = true
	java.runtime.name = Java(TM) SE Runtime Environment
	java.runtime.version = 1.8.0_101-b13
	java.specification.name = Java Platform API Specification
	java.specification.vendor = Oracle Corporation
	java.specification.version = 1.8
	java.util.logging.manager = org.jboss.logmanager.LogManager
	java.vendor = Oracle Corporation
	java.vendor.url = http://java.oracle.com/
	java.vendor.url.bug = http://bugreport.sun.com/bugreport/
	java.version = 1.8.0_101
	java.vm.info = mixed mode
	java.vm.name = Java HotSpot(TM) 64-Bit Server VM
	java.vm.specification.name = Java Virtual Machine Specification
	java.vm.specification.vendor = Oracle Corporation
	java.vm.specification.version = 1.8
	java.vm.vendor = Oracle Corporation
	java.vm.version = 25.101-b13
	javax.management.builder.initial = org.jboss.as.jmx.PluggableMBeanServerBuilder
	jboss.home.dir = E:\deepak\New-office\code\server\keycloak\Keycloak\springboot-keycloak\keycloak-6.0.1
	jboss.host.name = stpldev57
	jboss.modules.dir = E:\deepak\New-office\code\server\keycloak\Keycloak\springboot-keycloak\keycloak-6.0.1\modules
	jboss.modules.system.pkgs = org.jboss.byteman
	jboss.node.name = stpldev57
	jboss.qualified.host.name = stpldev57
	jboss.server.base.dir = E:\deepak\New-office\code\server\keycloak\Keycloak\springboot-keycloak\keycloak-6.0.1\standalone
	jboss.server.config.dir = E:\deepak\New-office\code\server\keycloak\Keycloak\springboot-keycloak\keycloak-6.0.1\standalone\configuration
	jboss.server.data.dir = E:\deepak\New-office\code\server\keycloak\Keycloak\springboot-keycloak\keycloak-6.0.1\standalone\data
	jboss.server.deploy.dir = E:\deepak\New-office\code\server\keycloak\Keycloak\springboot-keycloak\keycloak-6.0.1\standalone\data\content
	jboss.server.log.dir = E:\deepak\New-office\code\server\keycloak\Keycloak\springboot-keycloak\keycloak-6.0.1\standalone\log
	jboss.server.name = stpldev57
	jboss.server.persist.config = true
	jboss.server.temp.dir = E:\deepak\New-office\code\server\keycloak\Keycloak\springboot-keycloak\keycloak-6.0.1\standalone\tmp
	line.separator = 

	logging.configuration = file:E:\deepak\New-office\code\server\keycloak\Keycloak\springboot-keycloak\keycloak-6.0.1\standalone\configuration/logging.properties
	module.path = E:\deepak\New-office\code\server\keycloak\Keycloak\springboot-keycloak\keycloak-6.0.1\modules
	org.jboss.boot.log.file = E:\deepak\New-office\code\server\keycloak\Keycloak\springboot-keycloak\keycloak-6.0.1\standalone\log\server.log
	org.jboss.resolver.warning = true
	os.arch = amd64
	os.name = Windows 10
	os.version = 10.0
	path.separator = ;
	program.name = standalone.bat
	sun.arch.data.model = 64
	sun.boot.class.path = C:\Program Files\Java\jdk1.8.0_101\jre\lib\resources.jar;C:\Program Files\Java\jdk1.8.0_101\jre\lib\rt.jar;C:\Program Files\Java\jdk1.8.0_101\jre\lib\sunrsasign.jar;C:\Program Files\Java\jdk1.8.0_101\jre\lib\jsse.jar;C:\Program Files\Java\jdk1.8.0_101\jre\lib\jce.jar;C:\Program Files\Java\jdk1.8.0_101\jre\lib\charsets.jar;C:\Program Files\Java\jdk1.8.0_101\jre\lib\jfr.jar;C:\Program Files\Java\jdk1.8.0_101\jre\classes
	sun.boot.library.path = C:\Program Files\Java\jdk1.8.0_101\jre\bin
	sun.cpu.endian = little
	sun.cpu.isalist = amd64
	sun.desktop = windows
	sun.io.unicode.encoding = UnicodeLittle
	sun.java.command = E:\deepak\New-office\code\server\keycloak\Keycloak\springboot-keycloak\keycloak-6.0.1\jboss-modules.jar -mp E:\deepak\New-office\code\server\keycloak\Keycloak\springboot-keycloak\keycloak-6.0.1\modules org.jboss.as.standalone -Djboss.home.dir=E:\deepak\New-office\code\server\keycloak\Keycloak\springboot-keycloak\keycloak-6.0.1
	sun.java.launcher = SUN_STANDARD
	sun.jnu.encoding = Cp1252
	sun.management.compiler = HotSpot 64-Bit Tiered Compilers
	sun.os.patch.level = 
	sun.stderr.encoding = cp437
	sun.stdout.encoding = cp437
	user.country = US
	user.dir = E:\deepak\New-office\code\server\keycloak\Keycloak\springboot-keycloak\keycloak-6.0.1\bin
	user.home = C:\Users\deepak.kumar.SYSBIZ.000
	user.language = en
	user.name = Deepak.Kumar
	user.script = 
	user.timezone = Asia/Calcutta
	user.variant = 
2019-06-04 09:08:52,678 DEBUG [org.jboss.as.config] (MSC service thread 1-2) VM Arguments: -Dprogram.name=standalone.bat -Xms64M -Xmx512M -XX:MetaspaceSize=96M -XX:MaxMetaspaceSize=256m -Djava.net.preferIPv4Stack=true -Djboss.modules.system.pkgs=org.jboss.byteman -Dorg.jboss.boot.log.file=E:\deepak\New-office\code\server\keycloak\Keycloak\springboot-keycloak\keycloak-6.0.1\standalone\log\server.log -Dlogging.configuration=file:E:\deepak\New-office\code\server\keycloak\Keycloak\springboot-keycloak\keycloak-6.0.1\standalone\configuration/logging.properties 
2019-06-04 09:08:59,995 INFO  [org.wildfly.security] (ServerService Thread Pool -- 19) ELY00001: WildFly Elytron version 1.8.0.Final
2019-06-04 09:09:09,738 INFO  [org.jboss.as.controller.management-deprecated] (Controller Boot Thread) WFLYCTL0028: Attribute 'security-realm' in the resource at address '/core-service=management/management-interface=http-interface' is deprecated, and may be removed in a future version. See the attribute description in the output of the read-resource-description operation to learn more about the deprecation.
2019-06-04 09:09:09,808 INFO  [org.jboss.as.controller.management-deprecated] (ServerService Thread Pool -- 20) WFLYCTL0028: Attribute 'security-realm' in the resource at address '/subsystem=undertow/server=default-server/https-listener=https' is deprecated, and may be removed in a future version. See the attribute description in the output of the read-resource-description operation to learn more about the deprecation.
2019-06-04 09:09:09,953 INFO  [org.jboss.as.server] (Controller Boot Thread) WFLYSRV0039: Creating http management service using socket-binding (management-http)
2019-06-04 09:09:10,056 INFO  [org.xnio] (MSC service thread 1-6) XNIO version 3.6.5.Final
2019-06-04 09:09:10,068 INFO  [org.xnio.nio] (MSC service thread 1-6) XNIO NIO Implementation Version 3.6.5.Final
2019-06-04 09:09:10,139 INFO  [org.wildfly.extension.microprofile.config.smallrye._private] (ServerService Thread Pool -- 49) WFLYCONF0001: Activating WildFly MicroProfile Config Subsystem
2019-06-04 09:09:10,140 WARN  [org.jboss.as.txn] (ServerService Thread Pool -- 48) WFLYTX0013: The node-identifier attribute on the /subsystem=transactions is set to the default value. This is a danger for environments running multiple servers. Please make sure the attribute value is unique.
2019-06-04 09:09:10,140 INFO  [org.jboss.as.security] (ServerService Thread Pool -- 47) WFLYSEC0002: Activating Security Subsystem
2019-06-04 09:09:10,143 INFO  [org.jboss.as.naming] (ServerService Thread Pool -- 42) WFLYNAM0001: Activating Naming Subsystem
2019-06-04 09:09:10,144 INFO  [org.jboss.as.clustering.infinispan] (ServerService Thread Pool -- 36) WFLYCLINF0001: Activating Infinispan subsystem.
2019-06-04 09:09:10,147 INFO  [org.wildfly.extension.microprofile.health.smallrye] (ServerService Thread Pool -- 50) WFLYHEALTH0001: Activating Eclipse MicroProfile Health Subsystem
2019-06-04 09:09:10,154 INFO  [org.jboss.as.security] (MSC service thread 1-4) WFLYSEC0001: Current PicketBox version=5.0.3.Final
2019-06-04 09:09:10,155 INFO  [org.wildfly.extension.microprofile.metrics.smallrye] (ServerService Thread Pool -- 51) WFLYMETRICS0001: Activating Eclipse MicroProfile Metrics Subsystem
2019-06-04 09:09:10,164 INFO  [org.jboss.as.mail.extension] (MSC service thread 1-2) WFLYMAIL0002: Unbound mail session [java:jboss/mail/Default]
2019-06-04 09:09:10,171 INFO  [org.jboss.as.connector] (MSC service thread 1-3) WFLYJCA0009: Starting JCA Subsystem (WildFly/IronJacamar 1.4.12.Final)
2019-06-04 09:09:11,306 INFO  [org.wildfly.extension.undertow] (MSC service thread 1-7) WFLYUT0003: Undertow 2.0.19.Final starting
2019-06-04 09:09:11,620 INFO  [org.jboss.as.connector.subsystems.datasources] (ServerService Thread Pool -- 31) WFLYJCA0004: Deploying JDBC-compliant driver class org.h2.Driver (version 1.4)
2019-06-04 09:09:11,623 INFO  [io.smallrye.metrics] (MSC service thread 1-5) Converted [2] config entries and added [4] replacements
2019-06-04 09:09:11,637 INFO  [io.smallrye.metrics] (MSC service thread 1-5) Converted [3] config entries and added [14] replacements
2019-06-04 09:09:11,725 INFO  [org.jboss.as.connector.subsystems.datasources] (MSC service thread 1-7) WFLYJCA0010: Unbound data source [java:jboss/datasources/ExampleDS]
2019-06-04 09:09:11,726 INFO  [org.jboss.as.connector.subsystems.datasources] (MSC service thread 1-7) WFLYJCA0010: Unbound data source [java:jboss/datasources/KeycloakDS]
2019-06-04 09:09:11,727 INFO  [org.jboss.as.connector.deployers.jdbc] (MSC service thread 1-7) WFLYJCA0018: Started Driver service with driver-name = h2
2019-06-04 09:09:12,214 INFO  [org.jboss.as.mail.extension] (MSC service thread 1-1) WFLYMAIL0001: Bound mail session [java:jboss/mail/Default]
2019-06-04 09:09:12,216 INFO  [org.jboss.as.naming] (MSC service thread 1-3) WFLYNAM0003: Starting Naming Service
2019-06-04 09:09:12,936 INFO  [org.wildfly.extension.undertow] (ServerService Thread Pool -- 52) WFLYUT0014: Creating file handler for path 'E:\deepak\New-office\code\server\keycloak\Keycloak\springboot-keycloak\keycloak-6.0.1/welcome-content' with options [directory-listing: 'false', follow-symlink: 'false', case-sensitive: 'true', safe-symlink-paths: '[]']
2019-06-04 09:09:14,417 INFO  [org.jboss.as.ejb3] (MSC service thread 1-7) WFLYEJB0493: EJB subsystem suspension complete
2019-06-04 09:09:15,040 INFO  [org.jboss.as.connector.subsystems.datasources] (MSC service thread 1-8) WFLYJCA0001: Bound data source [java:jboss/datasources/KeycloakDS]
2019-06-04 09:09:15,040 INFO  [org.jboss.as.connector.subsystems.datasources] (MSC service thread 1-1) WFLYJCA0001: Bound data source [java:jboss/datasources/ExampleDS]
2019-06-04 09:09:15,140 INFO  [org.wildfly.extension.io] (ServerService Thread Pool -- 35) WFLYIO001: Worker 'default' has auto-configured to 8 core threads with 64 task threads based on your 4 available processors
2019-06-04 09:09:15,171 INFO  [org.jboss.as.ejb3] (MSC service thread 1-5) WFLYEJB0481: Strict pool slsb-strict-max-pool is using a max instance size of 64 (per class), which is derived from thread worker pool sizing.
2019-06-04 09:09:15,171 INFO  [org.jboss.as.ejb3] (MSC service thread 1-1) WFLYEJB0482: Strict pool mdb-strict-max-pool is using a max instance size of 16 (per class), which is derived from the number of CPUs on this host.
2019-06-04 09:09:15,393 INFO  [org.jboss.as.jaxrs] (ServerService Thread Pool -- 37) WFLYRS0016: RESTEasy version 3.6.3.Final
2019-06-04 09:09:15,402 INFO  [org.jboss.remoting] (MSC service thread 1-4) JBoss Remoting version 5.0.8.Final
2019-06-04 09:09:15,608 INFO  [org.wildfly.extension.undertow] (MSC service thread 1-2) WFLYUT0012: Started server default-server.
2019-06-04 09:09:15,610 INFO  [org.wildfly.extension.undertow] (MSC service thread 1-4) WFLYUT0018: Host default-host starting
2019-06-04 09:09:15,690 INFO  [org.wildfly.extension.undertow] (MSC service thread 1-2) WFLYUT0006: Undertow HTTP listener default listening on 127.0.0.1:8000
2019-06-04 09:09:18,438 INFO  [org.jboss.as.patching] (MSC service thread 1-8) WFLYPAT0050: Keycloak cumulative patch ID is: base, one-off patches include: none
2019-06-04 09:09:18,481 WARN  [org.jboss.as.domain.management.security] (MSC service thread 1-7) WFLYDM0111: Keystore E:\deepak\New-office\code\server\keycloak\Keycloak\springboot-keycloak\keycloak-6.0.1\standalone\configuration\application.keystore not found, it will be auto generated on first use with a self signed certificate for host localhost
2019-06-04 09:09:18,488 INFO  [org.jboss.as.server.deployment.scanner] (MSC service thread 1-8) WFLYDS0013: Started FileSystemDeploymentService for directory E:\deepak\New-office\code\server\keycloak\Keycloak\springboot-keycloak\keycloak-6.0.1\standalone\deployments
2019-06-04 09:09:18,500 INFO  [org.jboss.as.server.deployment] (MSC service thread 1-5) WFLYSRV0027: Starting deployment of "keycloak-server.war" (runtime-name: "keycloak-server.war")
2019-06-04 09:09:18,816 INFO  [org.wildfly.extension.undertow] (MSC service thread 1-2) WFLYUT0006: Undertow HTTPS listener https listening on 127.0.0.1:8443
2019-06-04 09:09:27,123 WARN  [org.jboss.as.dependency.private] (MSC service thread 1-8) WFLYSRV0018: Deployment "deployment.keycloak-server.war" is using a private module ("org.kie") which may be changed or removed in future versions without notice.
2019-06-04 09:09:27,869 INFO  [org.infinispan.factories.GlobalComponentRegistry] (MSC service thread 1-8) ISPN000128: Infinispan version: Infinispan 'Infinity Minus ONE +2' 9.4.8.Final
2019-06-04 09:09:28,263 INFO  [org.jboss.as.clustering.infinispan] (ServerService Thread Pool -- 65) WFLYCLINF0002: Started authenticationSessions cache from keycloak container
2019-06-04 09:09:28,266 INFO  [org.jboss.as.clustering.infinispan] (ServerService Thread Pool -- 61) WFLYCLINF0002: Started offlineSessions cache from keycloak container
2019-06-04 09:09:28,265 INFO  [org.jboss.as.clustering.infinispan] (ServerService Thread Pool -- 59) WFLYCLINF0002: Started sessions cache from keycloak container
2019-06-04 09:09:28,269 INFO  [org.jboss.as.clustering.infinispan] (ServerService Thread Pool -- 62) WFLYCLINF0002: Started offlineClientSessions cache from keycloak container
2019-06-04 09:09:28,270 INFO  [org.jboss.as.clustering.infinispan] (ServerService Thread Pool -- 60) WFLYCLINF0002: Started clientSessions cache from keycloak container
2019-06-04 09:09:28,271 INFO  [org.jboss.as.clustering.infinispan] (ServerService Thread Pool -- 64) WFLYCLINF0002: Started work cache from keycloak container
2019-06-04 09:09:28,271 INFO  [org.jboss.as.clustering.infinispan] (ServerService Thread Pool -- 55) WFLYCLINF0002: Started loginFailures cache from keycloak container
2019-06-04 09:09:28,272 INFO  [org.jboss.as.clustering.infinispan] (ServerService Thread Pool -- 56) WFLYCLINF0002: Started actionTokens cache from keycloak container
2019-06-04 09:09:28,305 INFO  [org.jboss.as.clustering.infinispan] (ServerService Thread Pool -- 66) WFLYCLINF0002: Started authorization cache from keycloak container
2019-06-04 09:09:28,305 INFO  [org.jboss.as.clustering.infinispan] (ServerService Thread Pool -- 58) WFLYCLINF0002: Started realms cache from keycloak container
2019-06-04 09:09:28,305 INFO  [org.jboss.as.clustering.infinispan] (ServerService Thread Pool -- 57) WFLYCLINF0002: Started users cache from keycloak container
2019-06-04 09:09:28,306 INFO  [org.jboss.as.clustering.infinispan] (ServerService Thread Pool -- 63) WFLYCLINF0002: Started keys cache from keycloak container
2019-06-04 09:09:28,421 INFO  [org.jboss.as.clustering.infinispan] (ServerService Thread Pool -- 67) WFLYCLINF0002: Started client-mappings cache from ejb container
2019-06-04 09:09:31,481 WARN  [org.jboss.as.server.deployment] (MSC service thread 1-1) WFLYSRV0273: Excluded subsystem weld via jboss-deployment-structure.xml does not exist.
2019-06-04 09:09:31,481 WARN  [org.jboss.as.server.deployment] (MSC service thread 1-1) WFLYSRV0273: Excluded subsystem webservices via jboss-deployment-structure.xml does not exist.
2019-06-04 09:09:32,981 INFO  [org.keycloak.services] (ServerService Thread Pool -- 63) KC-SERVICES0001: Loading config from standalone.xml or domain.xml
2019-06-04 09:09:34,123 INFO  [org.jboss.as.clustering.infinispan] (ServerService Thread Pool -- 63) WFLYCLINF0002: Started realmRevisions cache from keycloak container
2019-06-04 09:09:34,127 INFO  [org.jboss.as.clustering.infinispan] (ServerService Thread Pool -- 63) WFLYCLINF0002: Started userRevisions cache from keycloak container
2019-06-04 09:09:34,135 INFO  [org.jboss.as.clustering.infinispan] (ServerService Thread Pool -- 63) WFLYCLINF0002: Started authorizationRevisions cache from keycloak container
2019-06-04 09:09:34,136 INFO  [org.keycloak.connections.infinispan.DefaultInfinispanConnectionProviderFactory] (ServerService Thread Pool -- 63) Node name: stpldev57, Site name: null
2019-06-04 09:09:40,707 INFO  [org.hibernate.jpa.internal.util.LogHelper] (ServerService Thread Pool -- 63) HHH000204: Processing PersistenceUnitInfo [
	name: keycloak-default
	...]
2019-06-04 09:09:40,827 INFO  [org.hibernate.Version] (ServerService Thread Pool -- 63) HHH000412: Hibernate Core {5.3.9.Final}
2019-06-04 09:09:40,829 INFO  [org.hibernate.cfg.Environment] (ServerService Thread Pool -- 63) HHH000206: hibernate.properties not found
2019-06-04 09:09:41,377 INFO  [org.hibernate.annotations.common.Version] (ServerService Thread Pool -- 63) HCANN000001: Hibernate Commons Annotations {5.0.5.Final}
2019-06-04 09:09:41,637 INFO  [org.hibernate.dialect.Dialect] (ServerService Thread Pool -- 63) HHH000400: Using dialect: org.hibernate.dialect.H2Dialect
2019-06-04 09:09:41,652 WARN  [org.hibernate.dialect.H2Dialect] (ServerService Thread Pool -- 63) HHH000431: Unable to determine H2 database version, certain features may not work
2019-06-04 09:09:41,727 INFO  [org.hibernate.envers.boot.internal.EnversServiceImpl] (ServerService Thread Pool -- 63) Envers integration enabled? : true
2019-06-04 09:09:42,230 INFO  [org.hibernate.orm.beans] (ServerService Thread Pool -- 63) HHH10005002: No explicit CDI BeanManager reference was passed to Hibernate, but CDI is available on the Hibernate ClassLoader.
2019-06-04 09:09:42,317 INFO  [org.hibernate.validator.internal.util.Version] (ServerService Thread Pool -- 63) HV000001: Hibernate Validator 6.0.15.Final
2019-06-04 09:09:43,433 INFO  [org.hibernate.hql.internal.QueryTranslatorFactoryInitiator] (ServerService Thread Pool -- 63) HHH000397: Using ASTQueryTranslatorFactory
2019-06-04 09:09:44,277 INFO  [org.jboss.resteasy.resteasy_jaxrs.i18n] (ServerService Thread Pool -- 63) RESTEASY002225: Deploying javax.ws.rs.core.Application: class org.keycloak.services.resources.KeycloakApplication
2019-06-04 09:09:44,289 INFO  [org.jboss.resteasy.resteasy_jaxrs.i18n] (ServerService Thread Pool -- 63) RESTEASY002200: Adding class resource org.keycloak.services.resources.JsResource from Application class org.keycloak.services.resources.KeycloakApplication
2019-06-04 09:09:44,290 INFO  [org.jboss.resteasy.resteasy_jaxrs.i18n] (ServerService Thread Pool -- 63) RESTEASY002205: Adding provider class org.keycloak.services.filters.KeycloakTransactionCommitter from Application class org.keycloak.services.resources.KeycloakApplication
2019-06-04 09:09:44,290 INFO  [org.jboss.resteasy.resteasy_jaxrs.i18n] (ServerService Thread Pool -- 63) RESTEASY002205: Adding provider class org.keycloak.services.error.KeycloakErrorHandler from Application class org.keycloak.services.resources.KeycloakApplication
2019-06-04 09:09:44,290 INFO  [org.jboss.resteasy.resteasy_jaxrs.i18n] (ServerService Thread Pool -- 63) RESTEASY002200: Adding class resource org.keycloak.services.resources.ThemeResource from Application class org.keycloak.services.resources.KeycloakApplication
2019-06-04 09:09:44,291 INFO  [org.jboss.resteasy.resteasy_jaxrs.i18n] (ServerService Thread Pool -- 63) RESTEASY002220: Adding singleton resource org.keycloak.services.resources.RobotsResource from Application class org.keycloak.services.resources.KeycloakApplication
2019-06-04 09:09:44,291 INFO  [org.jboss.resteasy.resteasy_jaxrs.i18n] (ServerService Thread Pool -- 63) RESTEASY002210: Adding provider singleton org.keycloak.services.util.ObjectMapperResolver from Application class org.keycloak.services.resources.KeycloakApplication
2019-06-04 09:09:44,292 INFO  [org.jboss.resteasy.resteasy_jaxrs.i18n] (ServerService Thread Pool -- 63) RESTEASY002220: Adding singleton resource org.keycloak.services.resources.RealmsResource from Application class org.keycloak.services.resources.KeycloakApplication
2019-06-04 09:09:44,292 INFO  [org.jboss.resteasy.resteasy_jaxrs.i18n] (ServerService Thread Pool -- 63) RESTEASY002220: Adding singleton resource org.keycloak.services.resources.admin.AdminRoot from Application class org.keycloak.services.resources.KeycloakApplication
2019-06-04 09:09:44,293 INFO  [org.jboss.resteasy.resteasy_jaxrs.i18n] (ServerService Thread Pool -- 63) RESTEASY002220: Adding singleton resource org.keycloak.services.resources.WelcomeResource from Application class org.keycloak.services.resources.KeycloakApplication
2019-06-04 09:09:44,518 INFO  [org.wildfly.extension.undertow] (ServerService Thread Pool -- 63) WFLYUT0021: Registered web context: '/auth' for server 'default-server'
2019-06-04 09:09:44,597 INFO  [org.jboss.as.server] (ServerService Thread Pool -- 53) WFLYSRV0010: Deployed "keycloak-server.war" (runtime-name : "keycloak-server.war")
2019-06-04 09:09:44,722 INFO  [org.jboss.as.server] (Controller Boot Thread) WFLYSRV0212: Resuming server
2019-06-04 09:09:44,725 INFO  [org.jboss.as] (Controller Boot Thread) WFLYSRV0060: Http management interface listening on http://127.0.0.1:9990/management
2019-06-04 09:09:44,725 INFO  [org.jboss.as] (Controller Boot Thread) WFLYSRV0051: Admin console listening on http://127.0.0.1:9990
2019-06-04 09:09:44,725 INFO  [org.jboss.as] (Controller Boot Thread) WFLYSRV0025: Keycloak 6.0.1 (WildFly Core 8.0.0.Final) started in 70496ms - Started 580 of 842 services (560 services are lazy, passive or on-demand)
